TN:
SF:/Users/logenet/Documents/Node Projects/multitenancy/pencilblue/plugins/rssfeeder/services/rssfeeder_service.js
FN:1,RSSFeederServiceModule
FN:6,RSSFeederService
FN:18,(anonymous_3)
FN:23,(anonymous_4)
FN:27,(anonymous_5)
FN:28,(anonymous_6)
FN:38,getRSSFeed
FN:39,(anonymous_8)
FN:49,parseRSSFeed
FN:50,(anonymous_10)
FN:60,getRawFeed
FN:61,(anonymous_12)
FN:71,getSettings
FN:73,(anonymous_14)
FNF:14
FNH:14
FNDA:1,RSSFeederServiceModule
FNDA:3,RSSFeederService
FNDA:1,(anonymous_3)
FNDA:1,(anonymous_4)
FNDA:4,(anonymous_5)
FNDA:5,(anonymous_6)
FNDA:4,getRSSFeed
FNDA:3,(anonymous_8)
FNDA:2,parseRSSFeed
FNDA:2,(anonymous_10)
FNDA:4,getRawFeed
FNDA:3,(anonymous_12)
FNDA:4,getSettings
FNDA:4,(anonymous_14)
DA:1,1
DA:2,1
DA:6,1
DA:8,3
DA:10,2
DA:14,1
DA:18,1
DA:19,1
DA:20,1
DA:23,1
DA:24,1
DA:27,1
DA:28,4
DA:29,5
DA:30,1
DA:33,4
DA:38,1
DA:39,4
DA:40,3
DA:41,1
DA:44,2
DA:49,1
DA:50,2
DA:51,2
DA:52,1
DA:55,1
DA:60,1
DA:61,4
DA:62,3
DA:63,1
DA:66,2
DA:71,1
DA:72,4
DA:73,4
DA:74,4
DA:75,1
DA:77,4
DA:81,1
LF:38
LH:38
BRDA:8,1,0,2
BRDA:8,1,1,1
BRDA:10,2,0,1
BRDA:10,2,1,1
BRDA:29,3,0,1
BRDA:29,3,1,4
BRDA:40,4,0,1
BRDA:40,4,1,2
BRDA:51,5,0,1
BRDA:51,5,1,1
BRDA:62,6,0,1
BRDA:62,6,1,2
BRDA:62,7,0,3
BRDA:62,7,1,2
BRDA:74,8,0,1
BRDA:74,8,1,3
BRF:16
BRH:16
end_of_record
